<?xml version="1.0" encoding="UTF-8"?>
<!-- Generated by org.testng.reporters.JUnitXMLReporter -->
<testsuite hostname="U6019138-TPL-A" name="Default test" tests="6" failures="0" timestamp="14 Jan 2016 13:21:18 GMT" time="3.779" errors="0">
  <testcase name="deleteById" time="0.095" classname="kamienica.dao.TenantDaoImplTest"/>
  <testcase name="deleteInvalidId" time="0.006" classname="kamienica.dao.TenantDaoImplTest"/>
  <testcase name="findAll" time="0.004" classname="kamienica.dao.TenantDaoImplTest"/>
  <testcase name="findById" time="0.016" classname="kamienica.dao.TenantDaoImplTest"/>
  <testcase name="saveDuplicate" time="0.079" classname="kamienica.dao.TenantDaoImplTest"/>
  <testcase name="saveTenant" time="0.02" classname="kamienica.dao.TenantDaoImplTest"/>
</testsuite> <!-- Default test -->
